2021-09-26T01:04:33.7438949+10:00  [INF] Starting IdentityServer4 version "4.1.2+997a6cdd643e46cd5762b710c4ddc43574cbec2e" (8add0571)
2021-09-26T01:04:33.8139541+10:00  [INF] You are using the in-memory version of the persisted grant store. This will store consent decisions, authorization codes, refresh and reference tokens in memory only. If you are using any of those features in production, you want to switch to a different store implementation. (553c312b)
2021-09-26T01:04:33.8224273+10:00  [INF] Using the default authentication scheme "Identity.Application" for IdentityServer (4a54f457)
2021-09-26T01:04:34.4324798+10:00  [INF] Application started. Press Ctrl+C to shut down. (dcaefe54)
2021-09-26T01:04:34.4411502+10:00  [INF] Hosting environment: "Development" (c3307c92)
2021-09-26T01:04:34.4619795+10:00  [INF] Content root path: "C:\temp\Avery_Test\Avery.LabelManager\Avery.LabelManager\Avery.LabelManager" (b5d60022)
2021-09-26T01:05:04.1822929+10:00  [ERR] Compiling @angular/core : es2015 as esm2015
 (5acd4031)
2021-09-26T01:05:04.3193849+10:00  [ERR] Compiling @angular/animations : es2015 as esm2015
 (9c30a060)
2021-09-26T01:05:13.5112892+10:00  [ERR] Compiling @angular/common : es2015 as esm2015
 (ebfa3907)
2021-09-26T01:05:13.7172754+10:00  [ERR] Compiling ngx-bootstrap/utils : es2015 as esm2015
 (492f6370)
2021-09-26T01:05:13.9404448+10:00  [ERR] Compiling @angular/animations/browser : es2015 as esm2015
 (588153d4)
2021-09-26T01:05:19.1607737+10:00  [ERR] Compiling ngx-bootstrap/positioning : es2015 as esm2015
 (dcb442f5)
2021-09-26T01:05:20.0033900+10:00  [ERR] Compiling @angular/platform-browser : es2015 as esm2015
 (a01bc7a9)
2021-09-26T01:05:20.6382086+10:00  [ERR] Compiling ngx-bootstrap/component-loader : es2015 as esm2015
 (476fc570)
2021-09-26T01:05:21.7797096+10:00  [ERR] Compiling @angular/common/http : es2015 as esm2015
 (934ad769)
2021-09-26T01:05:22.4290942+10:00  [ERR] Compiling @angular/forms : es2015 as esm2015
 (a5e7a4d2)
2021-09-26T01:05:23.3110202+10:00  [ERR] Compiling @ngx-translate/core : es2015 as esm2015
 (fb8db328)
2021-09-26T01:05:23.5025181+10:00  [ERR] Compiling @angular/platform-browser-dynamic : es2015 as esm2015
 (00ea327c)
2021-09-26T01:05:25.8765306+10:00  [ERR] Compiling @angular/platform-browser/animations : es2015 as esm2015
 (8689353d)
2021-09-26T01:05:26.2841167+10:00  [ERR] Compiling @swimlane/ngx-datatable : es2015 as esm2015
 (de94b4fb)
2021-09-26T01:05:27.4631450+10:00  [ERR] Compiling angular-oauth2-oidc : es2015 as esm2015
 (cf00f9fd)
2021-09-26T01:05:27.7769131+10:00  [ERR] Compiling ngx-toasta : es2015 as esm2015
 (74510f6e)
2021-09-26T01:05:29.4138035+10:00  [ERR] Compiling @ng-select/ng-select : es2015 as esm2015
 (9cf45cc3)
2021-09-26T01:05:31.9771076+10:00  [ERR] Compiling ngx-bootstrap/modal : es2015 as esm2015
 (ca2802c3)
2021-09-26T01:05:33.1631661+10:00  [ERR] Compiling ngx-bootstrap/tooltip : es2015 as esm2015
 (1826e0e6)
2021-09-26T01:05:34.3040240+10:00  [ERR] Compiling ngx-bootstrap/popover : es2015 as esm2015
 (0740364c)
2021-09-26T01:05:34.6412391+10:00  [ERR] Compiling ngx-bootstrap/dropdown : es2015 as esm2015
 (a173ec35)
2021-09-26T01:05:34.8397745+10:00  [ERR] Compiling ngx-bootstrap/carousel : es2015 as esm2015
 (38bd2f63)
2021-09-26T01:05:35.1565771+10:00  [ERR] Compiling ng2-charts : es2015 as esm2015
 (24251a2c)
2021-09-26T01:05:35.6379553+10:00  [ERR] Compiling @angular/router : es2015 as esm2015
 (ede1c3a1)
2021-09-26T01:06:33.2964388+10:00 8000005f-0001-fd00-b63f-84710c7967bb [INF] Invoking IdentityServer endpoint: "IdentityServer4.Endpoints.DiscoveryEndpoint" for "/.well-known/openid-configuration" (f7642de5)
2021-09-26T01:06:33.3542189+10:00 80000015-0006-fe00-b63f-84710c7967bb [INF] Invoking IdentityServer endpoint: "IdentityServer4.Endpoints.DiscoveryKeyEndpoint" for "/.well-known/openid-configuration/jwks" (f7642de5)
2021-09-26T01:06:33.3951219+10:00 8000001c-0000-ff00-b63f-84710c7967bb [INF] Invoking IdentityServer endpoint: "IdentityServer4.Endpoints.TokenEndpoint" for "/connect/token" (f7642de5)
2021-09-26T01:06:33.6626691+10:00 8000001c-0000-ff00-b63f-84710c7967bb [INF] Credentials validated for username: "admin" (cb811aa7)
2021-09-26T01:06:33.7125651+10:00 8000001c-0000-ff00-b63f-84710c7967bb [INF] Token request validation success, TokenRequestValidationLog { ClientId: "quickapp_spa", ClientName: null, GrantType: "password", Scopes: "email offline_access openid phone profile quickapp_api roles", AuthorizationCode: "********", RefreshToken: "********", UserName: "admin", AuthenticationContextReferenceClasses: null, Tenant: null, IdP: null, Raw: [("username": "admin"), ("password": "***REDACTED***"), ("client_id": "quickapp_spa"), ("grant_type": "password"), ("scope": "openid email phone profile offline_access roles quickapp_api")] } (3a073258)
2021-09-26T01:07:00.7272687+10:00 8000001b-0005-f800-b63f-84710c7967bb [INF] Invoking IdentityServer endpoint: "IdentityServer4.Endpoints.DiscoveryEndpoint" for "/.well-known/openid-configuration" (f7642de5)
2021-09-26T01:07:00.7835041+10:00 8000001c-0005-f800-b63f-84710c7967bb [INF] Invoking IdentityServer endpoint: "IdentityServer4.Endpoints.DiscoveryKeyEndpoint" for "/.well-known/openid-configuration/jwks" (f7642de5)
2021-09-26T01:07:01.1931030+10:00 80000061-0001-fd00-b63f-84710c7967bb [WRN] Compiling a query which loads related collections for more than one collection navigation either via 'Include' or through projection but no 'QuerySplittingBehavior' has been configured. By default Entity Framework will use 'QuerySplittingBehavior.SingleQuery' which can potentially result in slow query performance. See https://go.microsoft.com/fwlink/?linkid=2134277 for more information. To identify the query that's triggering this warning call 'ConfigureWarnings(w => w.Throw(RelationalEventId.MultipleCollectionIncludeWarning))' (74d62de4)
2021-09-26T01:12:53.8954636+10:00  [INF] Starting IdentityServer4 version "4.1.2+997a6cdd643e46cd5762b710c4ddc43574cbec2e" (8add0571)
2021-09-26T01:12:53.9129102+10:00  [INF] You are using the in-memory version of the persisted grant store. This will store consent decisions, authorization codes, refresh and reference tokens in memory only. If you are using any of those features in production, you want to switch to a different store implementation. (553c312b)
2021-09-26T01:12:53.9283452+10:00  [INF] Using the default authentication scheme "Identity.Application" for IdentityServer (4a54f457)
2021-09-26T01:12:54.2396371+10:00  [INF] Application started. Press Ctrl+C to shut down. (dcaefe54)
2021-09-26T01:12:54.2424492+10:00  [INF] Hosting environment: "Development" (c3307c92)
2021-09-26T01:12:54.2448683+10:00  [INF] Content root path: "C:\temp\Avery_Test\Avery.LabelManager\Avery.LabelManager\Avery.LabelManager" (b5d60022)
2021-09-26T01:13:44.1040430+10:00 80000037-0002-fe00-b63f-84710c7967bb [INF] Invoking IdentityServer endpoint: "IdentityServer4.Endpoints.DiscoveryEndpoint" for "/.well-known/openid-configuration" (f7642de5)
2021-09-26T01:13:44.1777406+10:00 80000017-0005-f600-b63f-84710c7967bb [INF] Invoking IdentityServer endpoint: "IdentityServer4.Endpoints.DiscoveryKeyEndpoint" for "/.well-known/openid-configuration/jwks" (f7642de5)
2021-09-26T01:13:44.2236797+10:00 80000037-0003-fd00-b63f-84710c7967bb [INF] Invoking IdentityServer endpoint: "IdentityServer4.Endpoints.TokenEndpoint" for "/connect/token" (f7642de5)
2021-09-26T01:13:44.5239271+10:00 80000037-0003-fd00-b63f-84710c7967bb [INF] Credentials validated for username: "admin" (cb811aa7)
2021-09-26T01:13:44.5820116+10:00 80000037-0003-fd00-b63f-84710c7967bb [INF] Token request validation success, TokenRequestValidationLog { ClientId: "quickapp_spa", ClientName: null, GrantType: "password", Scopes: "email offline_access openid phone profile quickapp_api roles", AuthorizationCode: "********", RefreshToken: "********", UserName: "admin", AuthenticationContextReferenceClasses: null, Tenant: null, IdP: null, Raw: [("username": "admin"), ("password": "***REDACTED***"), ("client_id": "quickapp_spa"), ("grant_type": "password"), ("scope": "openid email phone profile offline_access roles quickapp_api")] } (3a073258)
2021-09-26T01:13:47.8712190+10:00 8000001b-0004-fe00-b63f-84710c7967bb [INF] Invoking IdentityServer endpoint: "IdentityServer4.Endpoints.DiscoveryEndpoint" for "/.well-known/openid-configuration" (f7642de5)
2021-09-26T01:13:48.0219976+10:00 8000001c-0004-fe00-b63f-84710c7967bb [INF] Invoking IdentityServer endpoint: "IdentityServer4.Endpoints.DiscoveryKeyEndpoint" for "/.well-known/openid-configuration/jwks" (f7642de5)
2021-09-26T01:13:48.4911236+10:00 80000008-0000-fc00-b63f-84710c7967bb [WRN] Compiling a query which loads related collections for more than one collection navigation either via 'Include' or through projection but no 'QuerySplittingBehavior' has been configured. By default Entity Framework will use 'QuerySplittingBehavior.SingleQuery' which can potentially result in slow query performance. See https://go.microsoft.com/fwlink/?linkid=2134277 for more information. To identify the query that's triggering this warning call 'ConfigureWarnings(w => w.Throw(RelationalEventId.MultipleCollectionIncludeWarning))' (74d62de4)
